SF:lib/src/balance/api_balance_service.dart
DA:11,1
DA:12,1
DA:15,1
DA:16,2
DA:17,4
LF:5
LH:5
end_of_record
SF:lib/src/balance/model/balance.dart
DA:16,1
DA:19,1
DA:21,1
DA:22,2
DA:23,2
DA:24,3
LF:6
LH:6
end_of_record
SF:lib/src/callflows/model/callflow.dart
DA:38,1
DA:48,1
DA:50,1
DA:51,2
DA:52,2
DA:53,2
DA:54,2
DA:55,2
DA:56,2
DA:57,2
DA:60,1
DA:62,5
DA:65,1
DA:66,1
DA:67,1
DA:68,3
DA:70,1
DA:71,3
DA:73,1
DA:74,3
DA:76,1
DA:77,7
DA:79,1
DA:80,3
DA:82,1
DA:83,4
DA:85,1
DA:86,4
LF:28
LH:28
end_of_record
SF:lib/src/callflows/model/step.dart
DA:15,1
DA:18,1
DA:20,1
DA:21,2
DA:22,1
DA:23,5
DA:24,1
DA:25,1
DA:27,0
DA:28,0
DA:30,0
DA:34,1
DA:36,5
DA:39,1
DA:40,1
DA:41,1
DA:42,3
DA:44,1
DA:45,0
DA:47,1
DA:48,0
DA:49,0
DA:50,0
DA:58,2
DA:60,1
DA:63,1
DA:66,1
DA:69,1
DA:72,1
DA:75,1
DA:78,1
DA:81,1
DA:85,1
DA:90,1
DA:93,1
DA:102,1
DA:108,1
DA:112,1
DA:121,1
DA:125,1
DA:130,1
DA:135,1
DA:140,1
DA:145,1
DA:150,1
DA:157,1
DA:161,1
DA:171,1
DA:179,1
DA:184,1
DA:191,1
LF:51
LH:44
end_of_record
SF:lib/src/conversations/api_conversations_service.dart
DA:16,1
DA:18,1
DA:20,1
DA:23,0
DA:24,0
DA:26,0
DA:29,0
DA:31,0
DA:33,0
DA:34,0
DA:35,0
DA:39,0
DA:40,0
DA:42,0
DA:43,0
DA:47,0
DA:48,0
DA:50,0
DA:51,0
DA:55,0
DA:56,0
DA:57,0
DA:58,0
DA:62,0
DA:63,0
DA:64,0
DA:65,0
DA:66,0
DA:70,0
DA:71,0
DA:72,0
DA:73,0
DA:74,0
DA:78,0
DA:79,0
DA:80,0
DA:82,0
DA:84,0
DA:85,0
LF:39
LH:3
end_of_record
SF:lib/src/messages/model/message.dart
DA:58,0
DA:73,0
DA:74,0
DA:75,0
DA:76,0
DA:79,0
DA:80,0
DA:81,0
DA:82,0
DA:83,0
DA:84,0
DA:85,0
DA:86,0
DA:87,0
DA:88,0
DA:89,0
DA:90,0
DA:91,0
DA:92,0
DA:93,0
DA:94,0
DA:96,0
DA:97,0
DA:98,0
DA:99,0
DA:103,0
DA:105,0
DA:108,0
DA:109,0
DA:110,0
DA:111,0
DA:112,0
DA:113,0
DA:114,0
DA:115,0
DA:116,0
DA:117,0
DA:118,0
DA:119,0
DA:124,1
DA:126,1
DA:129,1
DA:133,1
DA:135,1
DA:138,1
DA:141,1
DA:144,1
DA:147,1
DA:150,1
DA:153,1
DA:156,1
DA:160,1
DA:162,1
DA:165,1
DA:168,1
DA:171,1
DA:174,1
DA:177,1
DA:180,1
DA:183,1
LF:60
LH:21
end_of_record
SF:lib/src/conversations/model/conversation.dart
DA:59,0
DA:71,0
DA:73,0
DA:74,0
DA:75,0
DA:76,0
DA:77,0
DA:78,0
DA:79,0
DA:80,0
DA:81,0
DA:82,0
DA:83,0
DA:84,0
DA:85,0
DA:89,1
DA:91,1
DA:94,1
LF:18
LH:3
end_of_record
SF:lib/src/conversations/model/conversation_message.dart
DA:17,0
DA:25,0
DA:28,0
DA:29,0
DA:30,0
DA:31,0
DA:35,0
DA:36,0
DA:37,0
DA:39,0
DA:40,0
DA:41,0
DA:42,0
DA:46,0
DA:48,0
DA:51,0
DA:52,0
DA:53,0
DA:54,0
DA:55,0
DA:56,0
DA:57,0
DA:58,0
DA:59,0
LF:24
LH:0
end_of_record
SF:lib/src/conversations/model/message_response.dart
DA:18,0
DA:21,0
DA:23,0
DA:24,0
DA:25,0
DA:26,0
DA:27,0
DA:28,0
DA:30,0
DA:34,1
DA:36,1
DA:39,1
LF:12
LH:3
end_of_record
SF:lib/src/conversations/model/fallback.dart
DA:15,0
DA:18,0
DA:19,0
DA:22,0
DA:23,0
DA:24,0
DA:25,0
LF:7
LH:0
end_of_record
SF:lib/src/messages/model/content.dart
DA:7,0
DA:9,0
DA:10,0
DA:11,0
DA:12,0
DA:13,0
DA:14,0
DA:15,0
DA:16,0
DA:17,0
DA:18,0
DA:19,0
DA:20,0
DA:21,0
DA:22,0
DA:23,0
DA:39,0
DA:41,0
DA:42,0
DA:51,0
DA:53,0
DA:54,0
DA:63,0
DA:65,0
DA:66,0
DA:75,0
DA:77,0
DA:78,0
DA:87,0
DA:89,0
DA:90,0
DA:99,0
DA:101,0
DA:102,0
DA:114,0
DA:117,0
DA:118,0
DA:121,0
DA:122,0
DA:144,0
DA:147,0
DA:149,0
DA:150,0
DA:151,0
DA:152,0
DA:153,0
DA:155,0
DA:156,0
DA:157,0
DA:158,0
DA:159,0
DA:160,0
DA:178,0
DA:181,0
DA:183,0
DA:186,0
DA:211,0
DA:212,0
DA:213,0
DA:220,0
DA:223,0
DA:224,0
DA:225,0
DA:228,0
DA:231,0
DA:232,0
DA:233,0
DA:236,0
DA:237,0
DA:249,0
DA:252,0
DA:254,0
DA:257,0
DA:258,0
DA:270,0
DA:273,0
DA:275,0
DA:278,0
DA:280,0
DA:281,0
DA:283,0
DA:284,0
LF:82
LH:0
end_of_record
SF:lib/src/messages/model/email.dart
DA:49,0
DA:59,0
DA:61,0
DA:62,0
DA:63,0
DA:64,0
DA:65,0
DA:66,0
DA:67,0
DA:68,0
DA:69,0
DA:70,0
DA:71,0
DA:72,0
DA:74,0
DA:75,0
DA:76,0
DA:77,0
DA:78,0
DA:79,0
DA:80,0
DA:81,0
DA:82,0
DA:83,0
DA:84,0
DA:85,0
DA:86,0
DA:100,0
DA:103,0
DA:105,0
DA:106,0
DA:109,0
DA:111,0
DA:112,0
DA:113,0
DA:115,0
DA:116,0
DA:142,0
DA:145,0
DA:147,0
DA:148,0
DA:151,0
DA:153,0
DA:156,0
DA:157,0
DA:158,0
DA:159,0
DA:180,0
DA:183,0
DA:185,0
DA:186,0
DA:189,0
DA:191,0
DA:194,0
DA:195,0
DA:196,0
DA:197,0
DA:210,0
DA:213,0
DA:215,0
DA:218,0
DA:219,0
DA:220,0
LF:63
LH:0
end_of_record
SF:lib/src/contacts/model/contact.dart
DA:38,0
DA:51,0
DA:53,0
DA:54,0
DA:55,0
DA:56,0
DA:57,0
DA:58,0
DA:59,0
DA:60,0
DA:61,0
DA:62,0
DA:63,0
DA:66,0
DA:68,0
DA:71,0
DA:72,0
DA:73,0
DA:74,0
DA:75,0
DA:76,0
DA:77,0
DA:78,0
DA:79,0
DA:80,0
DA:81,0
LF:26
LH:0
end_of_record
SF:lib/src/conversations/model/channel.dart
DA:35,0
DA:44,0
DA:46,0
DA:47,0
DA:48,0
DA:49,0
DA:50,0
DA:51,0
DA:52,0
DA:53,0
DA:54,0
DA:55,0
DA:59,0
DA:61,0
DA:65,1
DA:67,1
DA:70,1
DA:73,1
DA:77,1
DA:81,1
DA:84,1
DA:87,1
LF:22
LH:8
end_of_record
SF:lib/src/conversations/model/messages_count.dart
DA:15,0
DA:18,0
DA:19,0
DA:20,0
DA:21,0
DA:25,0
DA:27,0
DA:28,0
LF:8
LH:0
end_of_record
SF:lib/src/contacts/model/groups.dart
DA:10,0
DA:13,0
DA:15,0
DA:16,0
DA:17,0
DA:20,0
LF:6
LH:0
end_of_record
SF:lib/src/contacts/model/messages.dart
DA:10,0
DA:13,0
DA:15,0
DA:16,0
DA:17,0
DA:20,0
LF:6
LH:0
end_of_record
SF:lib/src/base_service.dart
DA:26,1
DA:28,0
DA:38,0
DA:40,0
DA:41,0
DA:43,0
DA:44,0
DA:45,0
DA:48,0
DA:49,0
DA:50,0
DA:53,0
DA:55,0
DA:63,1
DA:66,2
DA:67,1
DA:68,1
DA:71,0
DA:73,1
DA:74,3
DA:75,2
DA:76,0
DA:79,0
DA:81,0
DA:89,0
DA:90,0
DA:91,0
DA:93,0
DA:94,0
DA:95,0
DA:97,0
DA:99,0
DA:100,0
DA:101,0
DA:104,0
DA:106,0
DA:114,0
DA:116,0
DA:117,0
DA:119,0
DA:120,0
DA:121,0
DA:122,0
DA:123,0
DA:124,0
DA:127,0
DA:129,0
DA:137,0
DA:139,0
DA:140,0
DA:142,0
DA:143,0
DA:144,0
DA:146,0
DA:148,0
DA:149,0
DA:150,0
DA:153,0
DA:155,0
DA:159,0
DA:160,0
DA:163,0
DA:164,0
DA:165,0
DA:167,0
DA:170,0
DA:171,0
DA:174,0
DA:175,0
DA:177,0
DA:180,0
DA:183,1
DA:184,1
DA:185,1
DA:186,4
DA:188,2
DA:190,3
DA:191,1
DA:195,1
DA:198,0
DA:202,0
DA:204,0
DA:205,0
DA:206,0
DA:211,1
DA:214,1
DA:215,4
DA:218,0
LF:88
LH:19
end_of_record
SF:lib/src/general/exception/communication_problem.dart
DA:8,0
LF:1
LH:0
end_of_record
SF:lib/src/general/model/api_error.dart
DA:13,0
DA:16,0
DA:20,0
DA:21,0
DA:22,0
DA:23,0
LF:6
LH:0
end_of_record
SF:lib/src/general/exception/service_exception.dart
DA:31,0
LF:1
LH:0
end_of_record
SF:lib/src/callflows/api_callflows_service.dart
DA:10,1
DA:11,1
DA:14,0
DA:15,0
DA:16,0
DA:17,0
DA:21,0
DA:22,0
DA:24,0
DA:25,0
DA:26,0
DA:30,0
DA:32,0
DA:33,0
DA:36,0
DA:38,0
DA:41,0
DA:42,0
DA:43,0
DA:44,0
LF:20
LH:2
end_of_record
SF:lib/src/calls/api_calls_service.dart
DA:10,0
DA:11,0
DA:14,0
DA:15,0
DA:16,0
DA:17,0
DA:21,0
DA:22,0
DA:23,0
DA:27,0
DA:29,0
DA:30,0
DA:33,0
DA:35,0
LF:14
LH:0
end_of_record
SF:lib/src/contacts/api_contacts_service.dart
DA:12,0
DA:13,0
DA:16,0
DA:17,0
DA:18,0
DA:22,0
DA:24,0
DA:25,0
DA:26,0
DA:30,0
DA:31,0
DA:32,0
DA:33,0
DA:37,0
DA:39,0
DA:40,0
DA:41,0
DA:45,0
DA:46,0
DA:47,0
DA:50,0
DA:51,0
DA:54,0
DA:56,0
DA:57,0
LF:25
LH:0
end_of_record
SF:lib/src/groups/api_groups_service.dart
DA:10,0
DA:11,0
DA:14,0
DA:15,0
DA:16,0
DA:20,0
DA:21,0
DA:22,0
DA:26,0
DA:27,0
DA:28,0
DA:32,0
DA:34,0
DA:35,0
DA:39,0
DA:40,0
DA:41,0
DA:44,0
DA:45,0
DA:48,0
DA:49,0
DA:50,0
DA:53,0
DA:59,0
DA:60,0
DA:61,0
DA:62,0
DA:64,0
LF:28
LH:0
end_of_record
SF:lib/src/hlr/api_hlr_service.dart
DA:9,0
DA:10,0
DA:12,0
DA:14,0
DA:16,0
DA:17,0
LF:6
LH:0
end_of_record
SF:lib/src/lookup/api_lookup_service.dart
DA:9,0
DA:10,0
DA:12,0
DA:14,0
LF:4
LH:0
end_of_record
SF:lib/src/messages/api_messages_service.dart
DA:10,0
DA:11,0
DA:14,0
DA:15,0
DA:16,0
DA:20,0
DA:21,0
DA:23,0
LF:8
LH:0
end_of_record
SF:lib/src/mms/api_mms_service.dart
DA:9,0
DA:10,0
DA:12,0
DA:14,0
DA:15,0
DA:17,0
DA:20,0
DA:22,0
DA:24,0
DA:25,0
DA:27,0
DA:28,0
LF:12
LH:0
end_of_record
SF:lib/src/recordings/api_recordings_service.dart
DA:9,0
DA:10,0
DA:12,0
DA:14,0
DA:17,0
DA:19,0
DA:22,0
DA:24,0
LF:8
LH:0
end_of_record
SF:lib/src/transcriptions/api_transcriptions_service.dart
DA:10,0
DA:12,0
DA:14,0
DA:17,0
DA:18,0
DA:20,0
DA:23,0
DA:26,0
DA:28,0
DA:31,0
DA:34,0
LF:11
LH:0
end_of_record
SF:lib/src/verify/api_verify_service.dart
DA:8,0
DA:9,0
DA:11,0
DA:13,0
DA:14,0
DA:17,0
DA:18,0
DA:20,0
DA:21,0
DA:23,0
DA:25,0
LF:11
LH:0
end_of_record
SF:lib/src/voice_messages/api_voice_messages_service.dart
DA:10,0
DA:12,0
DA:14,0
DA:17,0
DA:18,0
DA:21,0
DA:22,0
LF:7
LH:0
end_of_record
SF:lib/src/webhooks/api_webhooks_service.dart
DA:9,0
DA:10,0
DA:12,0
DA:14,0
DA:17,0
DA:18,0
DA:20,0
DA:22,0
DA:23,0
DA:24,0
DA:28,0
DA:29,0
DA:30,0
DA:34,0
DA:36,0
LF:15
LH:0
end_of_record
SF:lib/src/groups/model/group.dart
DA:28,0
DA:37,0
DA:39,0
DA:40,0
DA:41,0
DA:42,0
DA:43,0
DA:44,0
DA:45,0
DA:48,0
DA:50,0
DA:53,0
DA:54,0
DA:55,0
DA:56,0
DA:57,0
DA:58,0
DA:59,0
LF:18
LH:0
end_of_record
SF:lib/src/groups/model/contacts.dart
DA:10,0
DA:13,0
DA:15,0
DA:16,0
DA:17,0
DA:20,0
LF:6
LH:0
end_of_record
SF:lib/src/calls/model/call.dart
DA:30,0
DA:40,0
DA:44,0
DA:45,0
DA:46,0
DA:47,0
DA:48,0
DA:49,0
DA:50,0
DA:51,0
DA:52,0
DA:53,0
DA:57,0
DA:59,0
DA:62,0
DA:63,0
DA:64,0
DA:65,0
DA:66,0
DA:67,0
DA:68,0
DA:69,0
DA:74,1
DA:76,1
DA:79,1
DA:82,1
DA:85,1
LF:27
LH:5
end_of_record
